<?xml version="1.0" encoding="UTF-8"?>
<!-- Generated by org.testng.reporters.JUnitReportReporter -->
<testsuite hostname="LAPTOP-H75AKJ8V" failures="0" tests="1" name="testCases.TC001_AccountRegistrationTest" time="13.947" errors="0" timestamp="2025-02-13T04:37:32 IST" skipped="0">
  <testcase classname="testCases.TC001_AccountRegistrationTest" name="verify_account_registration" time="13.947"/>
  <system-out/>
</testsuite> <!-- testCases.TC001_AccountRegistrationTest -->
