<?xml version="1.0" encoding="UTF-8"?>
<!-- Generated by org.testng.reporters.JUnitReportReporter -->
<testsuite hostname="LAPTOP-H75AKJ8V" failures="0" tests="1" name="testCases.TC002_LoginTest" time="4.025" errors="0" timestamp="2025-02-13T04:37:32 IST" skipped="0">
  <testcase classname="testCases.TC002_LoginTest" name="verify_login" time="4.025"/>
  <system-out/>
</testsuite> <!-- testCases.TC002_LoginTest -->
