<?xml version="1.0" encoding="UTF-8"?>
<!-- Generated by org.testng.reporters.JUnitReportReporter -->
<testsuite hostname="LAPTOP-H75AKJ8V" failures="0" tests="2" name="testCases.TC001_AccountRegistrationTest" time="37.695" errors="0" timestamp="2025-02-17T14:04:39 IST" skipped="0">
  <testcase classname="testCases.TC001_AccountRegistrationTest" name="verify_account_registration" time="15.134"/>
  <testcase classname="testCases.TC001_AccountRegistrationTest" name="verify_account_registration" time="22.561"/>
</testsuite> <!-- testCases.TC001_AccountRegistrationTest -->
